Arguments: 
  C:\Program Files\nodejs\node.exe C:\Users\Евгений\AppData\Roaming\npm\node_modules\yarn\bin\yarn.js add strapi-app server

PATH: 
  C:\Users\Евгений\bin;C:\Program Files\Git\mingw64\bin;C:\Program Files\Git\usr\local\bin;C:\Program Files\Git\usr\bin;C:\Program Files\Git\usr\bin;C:\Program Files\Git\mingw64\bin;C:\Program Files\Git\usr\bin;C:\Users\Евгений\bin;C:\Program Files (x86)\Common Files\Intel\Shared Libraries\redist\intel64_win\compiler;C:\Program Files (x86)\Common Files\Intel\Shared Libraries\redist\intel64\compiler;C:\WINDOWS\system32;C:\WINDOWS;C:\WINDOWS\System32\Wbem;C:\WINDOWS\System32\WindowsPowerShell\v1.0;C:\WINDOWS\System32\OpenSSH;C:\Program Files\Microsoft VS Code\bin;C:\Program Files\Microsoft SQL Server\130\Tools\Binn;C:\Program Files\Microsoft SQL Server\Client SDK\ODBC\170\Tools\Binn;C:\Program Files (x86)\Microsoft SQL Server\150\Tools\Binn;C:\Program Files\Microsoft SQL Server\150\Tools\Binn;C:\Program Files\Microsoft SQL Server\150\DTS\Binn;C:\Program Files\Git\cmd;C:\Program Files\nodejs;C:\Program Files\Docker\Docker\resources\bin;C:\ProgramData\DockerDesktop\version-bin;C:\Users\Евгений\AppData\Local\Programs\Python\Python38\Scripts;C:\Users\Евгений\AppData\Local\Programs\Python\Python38;C:\Users\Евгений\AppData\Local\Microsoft\WindowsApps;C:\Program Files\JetBrains\WebStorm 2020.2.3\bin;C:\Program Files\JetBrains\PhpStorm 2019.2\bin;C:\Program Files\JetBrains\GoLand 2019.3.2\bin;C:\Users\Евгений\AppData\Roaming\npm;C:\Program Files\heroku\bin;F:\Program Files\PyCharm 2020.1\bin;C:\Users\Евгений\AppData\Local\GitHubDesktop\bin;C:\Program Files\Git\usr\bin\vendor_perl;C:\Program Files\Git\usr\bin\core_perl

Yarn version: 
  1.19.1

Node version: 
  12.16.1

Platform: 
  win32 x64

Trace: 
  Error: https://registry.yarnpkg.com/strapi-app: Not found
      at Request.params.callback [as _callback] (C:\Users\Евгений\AppData\Roaming\npm\node_modules\yarn\lib\cli.js:66926:18)
      at Request.self.callback (C:\Users\Евгений\AppData\Roaming\npm\node_modules\yarn\lib\cli.js:140564:22)
      at Request.emit (events.js:311:20)
      at Request.<anonymous> (C:\Users\Евгений\AppData\Roaming\npm\node_modules\yarn\lib\cli.js:141536:10)
      at Request.emit (events.js:311:20)
      at IncomingMessage.<anonymous> (C:\Users\Евгений\AppData\Roaming\npm\node_modules\yarn\lib\cli.js:141458:12)
      at Object.onceWrapper (events.js:417:28)
      at IncomingMessage.emit (events.js:323:22)
      at endReadableNT (_stream_readable.js:1204:12)
      at processTicksAndRejections (internal/process/task_queues.js:84:21)

npm manifest: 
  {
    "name": "shop-products",
    "version": "1.0.0",
    "scripts": {
      "start": "docker-compose -f docker-compose.dev.yml up --build",
      "build": "docker-compose -f docker-compose.dev.yml build",
      "stop": "docker-compose -f docker-compose.dev.yml down --remove-orphans",
      "pull": "docker-compose -f docker-compose.dev.yml pull",
      "remove": "docker system prune -a"
    }
  }

yarn manifest: 
  No manifest

Lockfile: 
  No lockfile
